[INFO ] 2021-07-16 08:27:00.040 [main] Log - select browser
[INFO ] 2021-07-16 08:27:26.986 [main] Log - navigate to url : https://www.flipkart.com/ 
[INFO ] 2021-07-16 08:27:33.188 [main] Log - loginToApplication_And_AddProductToCart test is starting.
[ERROR] 2021-07-16 08:28:00.230 [main] Log - loginToApplication_And_AddProductToCart Test is failed
[INFO ] 2021-07-16 08:28:01.307 [main] Log - loginToApplication_And_AddProductToCart test is starting.
[INFO ] 2021-07-16 08:30:16.981 [main] Log - select browser
[INFO ] 2021-07-16 08:30:19.801 [main] Log - navigate to url : https://www.flipkart.com/ 
[INFO ] 2021-07-16 08:30:27.405 [main] Log - loginToApplication_And_AddProductToCart test is starting.
[ERROR] 2021-07-16 08:30:31.956 [main] Log - loginToApplication_And_AddProductToCart Test is failed
[INFO ] 2021-07-16 08:30:32.622 [main] Log - loginToApplication_And_AddProductToCart test is starting.
[ERROR] 2021-07-16 08:30:47.827 [main] Log - loginToApplication_And_AddProductToCart Test is failed
[INFO ] 2021-07-16 08:30:48.375 [main] Log - loginToApplication_And_AddProductToCart test is starting.
[ERROR] 2021-07-16 08:31:03.581 [main] Log - loginToApplication_And_AddProductToCart Test is failed
[INFO ] 2021-07-16 08:31:09.260 [main] Log - I am in onFinish method TestFlipkartApplication.java
[INFO ] 2021-07-16 08:57:28.146 [main] Log - select browser
[INFO ] 2021-07-16 08:57:30.859 [main] Log - navigate to url : https://www.flipkart.com/ 
[INFO ] 2021-07-16 08:57:39.116 [main] Log - loginToApplication_And_AddProductToCart test is starting.
[ERROR] 2021-07-16 08:57:59.263 [main] Log - loginToApplication_And_AddProductToCart Test is failed
[INFO ] 2021-07-16 08:58:00.801 [main] Log - loginToApplication_And_AddProductToCart test is starting.
[ERROR] 2021-07-16 08:58:15.916 [main] Log - loginToApplication_And_AddProductToCart Test is failed
[INFO ] 2021-07-16 08:58:16.355 [main] Log - loginToApplication_And_AddProductToCart test is starting.
[ERROR] 2021-07-16 08:58:31.462 [main] Log - loginToApplication_And_AddProductToCart Test is failed
[INFO ] 2021-07-16 08:58:37.985 [main] Log - I am in onFinish method TestFlipkartApplication.java
[INFO ] 2021-07-16 09:15:12.504 [main] Log - select browser
[INFO ] 2021-07-16 09:15:15.439 [main] Log - navigate to url : https://www.flipkart.com/ 
[INFO ] 2021-07-16 09:15:23.118 [main] Log - loginToApplication_And_AddProductToCart test is starting.
[ERROR] 2021-07-16 09:15:33.556 [main] Log - loginToApplication_And_AddProductToCart Test is failed
[INFO ] 2021-07-16 09:15:34.825 [main] Log - loginToApplication_And_AddProductToCart test is starting.
[ERROR] 2021-07-16 09:15:40.059 [main] Log - loginToApplication_And_AddProductToCart Test is failed
[INFO ] 2021-07-16 09:15:40.494 [main] Log - loginToApplication_And_AddProductToCart test is starting.
[ERROR] 2021-07-16 09:15:55.645 [main] Log - loginToApplication_And_AddProductToCart Test is failed
[INFO ] 2021-07-16 09:16:07.779 [main] Log - I am in onFinish method TestFlipkartApplication.java
[INFO ] 2021-07-16 11:59:23.235 [main] Log - select browser
[INFO ] 2021-07-16 11:59:44.685 [main] Log - navigate to url : https://www.flipkart.com/ 
[INFO ] 2021-07-16 11:59:59.093 [main] Log - I am in onFinish method TestFlipkartApplication.java
[INFO ] 2021-07-16 12:00:58.386 [main] Log - select browser
[INFO ] 2021-07-16 12:01:02.206 [main] Log - navigate to url : https://www.flipkart.com/ 
[INFO ] 2021-07-16 12:01:12.954 [main] Log - I am in onFinish method TestFlipkartApplication.java
[INFO ] 2021-07-16 12:02:26.447 [main] Log - select browser
[INFO ] 2021-07-16 12:02:29.112 [main] Log - navigate to url : https://www.flipkart.com/ 
[INFO ] 2021-07-16 12:03:58.367 [main] Log - select browser
[INFO ] 2021-07-16 12:07:13.648 [main] Log - navigate to url : https://www.flipkart.com/ 
[INFO ] 2021-07-16 12:08:05.471 [main] Log - I am in onFinish method TestFlipkartApplication.java
[INFO ] 2021-07-16 12:10:18.730 [main] Log - select browser
[INFO ] 2021-07-16 12:10:24.172 [main] Log - navigate to url : https://www.flipkart.com/ 
[INFO ] 2021-07-16 12:10:36.141 [main] Log - I am in onFinish method TestFlipkartApplication.java
[INFO ] 2021-07-16 12:11:10.393 [main] Log - select browser
[INFO ] 2021-07-16 12:11:13.020 [main] Log - navigate to url : https://www.flipkart.com/ 
[INFO ] 2021-07-16 12:11:23.376 [main] Log - I am in onFinish method TestFlipkartApplication.java
[INFO ] 2021-07-16 12:12:10.477 [main] Log - select browser
[INFO ] 2021-07-16 12:12:14.426 [main] Log - navigate to url : https://www.flipkart.com/ 
[INFO ] 2021-07-16 12:12:25.300 [main] Log - I am in onFinish method TestFlipkartApplication.java
[INFO ] 2021-07-16 12:12:53.071 [Test worker] Log - select browser
[INFO ] 2021-07-16 12:12:57.101 [Test worker] Log - navigate to url : https://www.flipkart.com/ 
[INFO ] 2021-07-16 12:13:08.839 [Test worker] Log - loginToApplication test is starting.
[ERROR] 2021-07-16 12:13:44.713 [Test worker] Log - loginToApplication Test is failed
[INFO ] 2021-07-16 12:13:47.445 [Test worker] Log - loginToApplication test is starting.
[ERROR] 2021-07-16 12:14:07.702 [Test worker] Log - loginToApplication Test is failed
[INFO ] 2021-07-16 12:14:08.643 [Test worker] Log - loginToApplication test is starting.
[ERROR] 2021-07-16 12:14:29.030 [Test worker] Log - loginToApplication Test is failed
[INFO ] 2021-07-16 12:14:36.987 [Test worker] Log - I am in onFinish method Gradle test
[INFO ] 2021-07-16 12:15:40.984 [main] Log - select browser
[INFO ] 2021-07-16 12:15:49.394 [main] Log - navigate to url : https://www.flipkart.com/ 
[INFO ] 2021-07-16 12:15:59.829 [main] Log - I am in onFinish method TestFlipkartApplication.java
[INFO ] 2021-07-16 12:22:14.501 [main] Log - select browser
[INFO ] 2021-07-16 12:22:33.533 [main] Log - navigate to url : https://www.flipkart.com/ 
[INFO ] 2021-07-16 12:22:42.942 [main] Log - I am in onFinish method TestFlipkartApplication.java
[INFO ] 2021-07-16 12:23:34.604 [main] Log - select browser
[INFO ] 2021-07-16 12:24:57.182 [main] Log - select browser
[INFO ] 2021-07-16 12:24:59.989 [main] Log - navigate to url : https://www.flipkart.com/ 
[INFO ] 2021-07-16 12:25:09.014 [main] Log - loginToApplication test is starting.
[ERROR] 2021-07-16 12:25:24.961 [main] Log - loginToApplication Test is failed
[INFO ] 2021-07-16 12:25:25.532 [main] Log - loginToApplication test is starting.
[ERROR] 2021-07-16 12:25:40.766 [main] Log - loginToApplication Test is failed
[INFO ] 2021-07-16 12:25:41.228 [main] Log - loginToApplication test is starting.
[ERROR] 2021-07-16 12:25:56.407 [main] Log - loginToApplication Test is failed
[INFO ] 2021-07-16 12:26:00.686 [main] Log - I am in onFinish method TestFlipkartApplication.java
[INFO ] 2021-07-16 12:28:46.388 [main] Log - select browser
[INFO ] 2021-07-16 12:28:49.699 [main] Log - navigate to url : https://www.flipkart.com/ 
[INFO ] 2021-07-16 12:28:56.517 [main] Log - loginToApplication test is starting.
[INFO ] 2021-07-16 12:29:06.967 [main] Log - loginToApplication Test is passed
[INFO ] 2021-07-16 12:29:07.418 [main] Log - loginToApplication test is starting.
[ERROR] 2021-07-16 12:29:13.268 [main] Log - loginToApplication Test is failed
[INFO ] 2021-07-16 12:29:13.485 [main] Log - loginToApplication test is starting.
[ERROR] 2021-07-16 12:29:28.601 [main] Log - loginToApplication Test is failed
[INFO ] 2021-07-16 12:29:35.093 [main] Log - I am in onFinish method TestFlipkartApplication.java
[INFO ] 2021-07-16 12:42:15.356 [main] Log - select browser
[INFO ] 2021-07-16 12:42:18.428 [main] Log - navigate to url : https://www.flipkart.com/ 
[INFO ] 2021-07-16 12:42:24.587 [main] Log - loginToApplication test is starting.
[ERROR] 2021-07-16 12:42:42.329 [main] Log - loginToApplication Test is failed
[INFO ] 2021-07-16 12:42:42.921 [main] Log - loginToApplication test is starting.
[ERROR] 2021-07-16 12:42:49.465 [main] Log - loginToApplication Test is failed
[INFO ] 2021-07-16 12:42:49.672 [main] Log - loginToApplication test is starting.
[ERROR] 2021-07-16 12:43:04.710 [main] Log - loginToApplication Test is failed
[INFO ] 2021-07-16 12:43:09.976 [main] Log - I am in onFinish method TestFlipkartApplication.java
[INFO ] 2021-07-16 12:44:12.009 [main] Log - select browser
[INFO ] 2021-07-16 12:44:14.527 [main] Log - navigate to url : https://www.flipkart.com/ 
[INFO ] 2021-07-16 12:44:24.508 [main] Log - loginToApplication test is starting.
[ERROR] 2021-07-16 12:44:44.226 [main] Log - loginToApplication Test is failed
[INFO ] 2021-07-16 12:44:45.544 [main] Log - loginToApplication test is starting.
[ERROR] 2021-07-16 12:45:00.653 [main] Log - loginToApplication Test is failed
[INFO ] 2021-07-16 12:45:01.264 [main] Log - loginToApplication test is starting.
[ERROR] 2021-07-16 12:45:48.096 [main] Log - loginToApplication Test is failed
[INFO ] 2021-07-16 12:45:53.322 [main] Log - I am in onFinish method TestFlipkartApplication.java
[INFO ] 2021-07-16 12:48:58.639 [main] Log - select browser
[INFO ] 2021-07-16 12:49:07.709 [main] Log - navigate to url : https://www.flipkart.com/ 
[INFO ] 2021-07-16 12:49:14.400 [main] Log - loginToApplication test is starting.
[ERROR] 2021-07-16 12:49:23.259 [main] Log - loginToApplication Test is failed
[INFO ] 2021-07-16 12:49:25.419 [main] Log - loginToApplication test is starting.
[ERROR] 2021-07-16 12:49:40.514 [main] Log - loginToApplication Test is failed
[INFO ] 2021-07-16 12:49:40.709 [main] Log - loginToApplication test is starting.
[ERROR] 2021-07-16 12:49:55.796 [main] Log - loginToApplication Test is failed
[INFO ] 2021-07-16 12:50:00.590 [main] Log - I am in onFinish method TestFlipkartApplication.java
[INFO ] 2021-07-16 12:53:36.104 [main] Log - select browser
[INFO ] 2021-07-16 12:53:46.286 [main] Log - navigate to url : https://www.flipkart.com/ 
[INFO ] 2021-07-16 12:53:56.663 [main] Log - loginToApplication test is starting.
[ERROR] 2021-07-16 12:54:53.832 [main] Log - loginToApplication Test is failed
[INFO ] 2021-07-16 12:54:56.600 [main] Log - loginToApplication test is starting.
[ERROR] 2021-07-16 12:55:00.171 [main] Log - loginToApplication Test is failed
[INFO ] 2021-07-16 12:55:00.801 [main] Log - loginToApplication test is starting.
[ERROR] 2021-07-16 12:55:17.564 [main] Log - loginToApplication Test is failed
[INFO ] 2021-07-16 12:55:24.309 [main] Log - I am in onFinish method TestFlipkartApplication.java
[INFO ] 2021-07-16 12:57:13.570 [main] Log - select browser
[INFO ] 2021-07-16 12:57:19.431 [main] Log - navigate to url : https://www.flipkart.com/ 
[INFO ] 2021-07-16 12:57:27.903 [main] Log - loginToApplication test is starting.
[ERROR] 2021-07-16 12:58:14.699 [main] Log - loginToApplication Test is failed
[INFO ] 2021-07-16 12:58:15.690 [main] Log - loginToApplication test is starting.
[ERROR] 2021-07-16 12:58:35.782 [main] Log - loginToApplication Test is failed
[INFO ] 2021-07-16 12:58:36.046 [main] Log - loginToApplication test is starting.
[ERROR] 2021-07-16 12:58:56.160 [main] Log - loginToApplication Test is failed
[INFO ] 2021-07-16 12:58:58.810 [main] Log - I am in onFinish method TestFlipkartApplication.java
[INFO ] 2021-07-16 13:03:33.991 [main] Log - select browser
[INFO ] 2021-07-16 13:03:43.798 [main] Log - navigate to url : https://www.flipkart.com/ 
[INFO ] 2021-07-16 13:03:52.073 [main] Log - loginToApplication test is starting.
[INFO ] 2021-07-16 13:04:09.341 [main] Log - loginToApplication Test is passed
[INFO ] 2021-07-16 13:04:09.953 [main] Log - loginToApplication test is starting.
[ERROR] 2021-07-16 13:04:20.703 [main] Log - loginToApplication Test is failed
[INFO ] 2021-07-16 13:04:20.984 [main] Log - loginToApplication test is starting.
[ERROR] 2021-07-16 13:04:36.035 [main] Log - loginToApplication Test is failed
[INFO ] 2021-07-16 13:04:40.922 [main] Log - I am in onFinish method TestFlipkartApplication.java
[INFO ] 2021-07-16 13:33:31.673 [main] Log - select browser
[INFO ] 2021-07-16 13:50:26.997 [main] Log - select browser
[INFO ] 2021-07-16 13:50:38.833 [main] Log - navigate to url : https://www.flipkart.com/ 
[INFO ] 2021-07-16 13:50:50.873 [main] Log - loginToApplication test is starting.
[INFO ] 2021-07-16 13:51:21.437 [main] Log - loginToApplication Test is passed
[INFO ] 2021-07-16 13:51:22.383 [main] Log - loginToApplication test is starting.
[ERROR] 2021-07-16 13:51:32.977 [main] Log - loginToApplication Test is failed
[INFO ] 2021-07-16 13:51:34.561 [main] Log - loginToApplication test is starting.
[ERROR] 2021-07-16 13:51:49.669 [main] Log - loginToApplication Test is failed
[INFO ] 2021-07-16 13:51:54.290 [main] Log - I am in onFinish method TestFlipkartApplication.java
[INFO ] 2021-07-16 15:01:02.518 [main] Log - select browser
[INFO ] 2021-07-16 15:01:21.075 [main] Log - navigate to url : https://www.flipkart.com/ 
[INFO ] 2021-07-16 15:01:27.685 [main] Log - loginToApplication test is starting.
[ERROR] 2021-07-16 15:02:02.407 [main] Log - loginToApplication Test is failed
[INFO ] 2021-07-16 15:02:07.802 [main] Log - loginToApplication test is starting.
[ERROR] 2021-07-16 15:02:17.877 [main] Log - loginToApplication Test is failed
[INFO ] 2021-07-16 15:02:18.143 [main] Log - loginToApplication test is starting.
[ERROR] 2021-07-16 15:03:02.952 [main] Log - loginToApplication Test is failed
[INFO ] 2021-07-16 15:03:07.501 [main] Log - I am in onFinish method TestFlipkartApplication.java
[INFO ] 2021-07-16 15:13:19.743 [main] Log - select browser
[INFO ] 2021-07-16 15:13:33.441 [main] Log - navigate to url : https://www.flipkart.com/ 
[INFO ] 2021-07-16 15:13:47.559 [main] Log - loginToApplication test is starting.
[ERROR] 2021-07-16 15:14:21.111 [main] Log - loginToApplication Test is failed
[INFO ] 2021-07-16 15:14:24.384 [main] Log - loginToApplication test is starting.
[ERROR] 2021-07-16 15:14:29.808 [main] Log - loginToApplication Test is failed
[INFO ] 2021-07-16 15:14:30.236 [main] Log - loginToApplication test is starting.
[ERROR] 2021-07-16 15:14:50.434 [main] Log - loginToApplication Test is failed
[INFO ] 2021-07-16 15:15:00.893 [main] Log - I am in onFinish method TestFlipkartApplication.java
[INFO ] 2021-07-16 15:39:37.543 [main] Log - select browser
[INFO ] 2021-07-16 15:39:42.622 [main] Log - navigate to url : https://www.flipkart.com/ 
[INFO ] 2021-07-16 15:39:55.549 [main] Log - loginToApplication test is starting.
[INFO ] 2021-07-16 15:39:59.083 [main] Log - loginToApplication Test is passed
[INFO ] 2021-07-16 15:40:00.155 [main] Log - loginToApplication test is starting.
[ERROR] 2021-07-16 15:40:30.276 [main] Log - loginToApplication Test is failed
[INFO ] 2021-07-16 15:40:30.480 [main] Log - loginToApplication test is starting.
[ERROR] 2021-07-16 15:41:00.605 [main] Log - loginToApplication Test is failed
[INFO ] 2021-07-16 15:41:07.041 [main] Log - I am in onFinish method TestFlipkartApplication.java
[INFO ] 2021-07-16 15:50:59.735 [main] Log - select browser
[INFO ] 2021-07-16 15:51:03.901 [main] Log - navigate to url : https://www.flipkart.com/ 
[INFO ] 2021-07-16 15:51:12.909 [main] Log - loginToApplication test is starting.
[INFO ] 2021-07-16 15:51:14.263 [main] Log - loginToApplication Test is passed
[INFO ] 2021-07-16 15:51:15.059 [main] Log - loginToApplication test is starting.
[ERROR] 2021-07-16 15:51:45.209 [main] Log - loginToApplication Test is failed
[INFO ] 2021-07-16 15:51:45.863 [main] Log - loginToApplication test is starting.
[ERROR] 2021-07-16 15:52:15.955 [main] Log - loginToApplication Test is failed
[INFO ] 2021-07-16 15:52:20.688 [main] Log - I am in onFinish method TestFlipkartApplication.java
[INFO ] 2021-07-16 16:01:25.910 [main] Log - select browser
[INFO ] 2021-07-16 16:08:07.793 [main] Log - select browser
[INFO ] 2021-07-16 16:08:13.750 [main] Log - navigate to url : https://www.flipkart.com/ 
[INFO ] 2021-07-16 16:08:25.735 [main] Log - loginToApplication test is starting.
[INFO ] 2021-07-16 16:08:31.029 [main] Log - loginToApplication Test is passed
[INFO ] 2021-07-16 16:08:43.185 [main] Log - loginToApplication test is starting.
[ERROR] 2021-07-16 16:09:13.372 [main] Log - loginToApplication Test is failed
[INFO ] 2021-07-16 16:09:14.716 [main] Log - loginToApplication test is starting.
[ERROR] 2021-07-16 16:09:44.884 [main] Log - loginToApplication Test is failed
[INFO ] 2021-07-16 16:09:53.619 [main] Log - I am in onFinish method TestFlipkartApplication.java
[INFO ] 2021-07-16 16:13:01.762 [main] Log - select browser
[INFO ] 2021-07-16 16:13:08.901 [main] Log - navigate to url : https://www.flipkart.com/ 
[INFO ] 2021-07-16 16:13:19.787 [main] Log - loginToApplication test is starting.
[INFO ] 2021-07-16 16:13:24.652 [main] Log - loginToApplication Test is passed
[INFO ] 2021-07-16 16:13:25.812 [main] Log - loginToApplication test is starting.
[ERROR] 2021-07-16 16:13:58.739 [main] Log - loginToApplication Test is failed
[INFO ] 2021-07-16 16:13:59.366 [main] Log - loginToApplication test is starting.
[ERROR] 2021-07-16 16:14:29.426 [main] Log - loginToApplication Test is failed
[INFO ] 2021-07-16 16:14:33.942 [main] Log - I am in onFinish method TestFlipkartApplication.java
[INFO ] 2021-07-16 16:15:54.488 [main] Log - select browser
[INFO ] 2021-07-16 16:18:26.245 [main] Log - navigate to url : https://www.flipkart.com/ 
[INFO ] 2021-07-16 16:19:34.618 [main] Log - loginToApplication test is starting.
[ERROR] 2021-07-16 16:21:40.943 [main] Log - loginToApplication Test is failed
[INFO ] 2021-07-16 16:22:22.297 [main] Log - loginToApplication test is starting.
[INFO ] 2021-07-16 16:22:35.985 [main] Log - select browser
[INFO ] 2021-07-16 16:22:42.217 [main] Log - navigate to url : https://www.flipkart.com/ 
[INFO ] 2021-07-16 16:22:50.443 [main] Log - loginToApplication test is starting.
[INFO ] 2021-07-16 16:22:55.272 [main] Log - loginToApplication Test is passed
[INFO ] 2021-07-16 16:23:03.198 [main] Log - loginToApplication test is starting.
[ERROR] 2021-07-16 16:23:33.367 [main] Log - loginToApplication Test is failed
[INFO ] 2021-07-16 16:23:33.943 [main] Log - loginToApplication test is starting.
[ERROR] 2021-07-16 16:24:04.057 [main] Log - loginToApplication Test is failed
[INFO ] 2021-07-16 16:24:13.198 [main] Log - I am in onFinish method TestFlipkartApplication.java
[INFO ] 2021-07-16 16:48:33.405 [main] Log - select browser
[INFO ] 2021-07-16 16:48:39.856 [main] Log - navigate to url : https://www.flipkart.com/ 
[INFO ] 2021-07-16 16:48:49.170 [main] Log - loginToApplication test is starting.
[INFO ] 2021-07-16 16:48:53.345 [main] Log - loginToApplication Test is passed
[INFO ] 2021-07-16 16:49:04.480 [main] Log - loginToApplication test is starting.
[ERROR] 2021-07-16 16:49:34.565 [main] Log - loginToApplication Test is failed
[INFO ] 2021-07-16 16:49:35.087 [main] Log - loginToApplication test is starting.
[ERROR] 2021-07-16 16:50:05.194 [main] Log - loginToApplication Test is failed
[INFO ] 2021-07-16 16:50:08.721 [main] Log - I am in onFinish method TestFlipkartApplication.java
