[INFO ] 2021-07-18 20:17:41.138 [main] Log - select browser
[INFO ] 2021-07-18 20:17:47.650 [main] Log - navigate to url :https://www.flipkart.com/
[INFO ] 2021-07-18 20:17:58.620 [main] Log - Internet is connected
[INFO ] 2021-07-18 20:17:58.964 [main] Log - loginToApplication test is starting.
[DEBUG] 2021-07-18 20:18:06.057 [main] Log - clear the emailOrMobileNumber text box
[DEBUG] 2021-07-18 20:18:06.451 [main] Log - email or mobile number is entered dineshkumar.icon.dk@gmail.com
[DEBUG] 2021-07-18 20:18:06.921 [main] Log - clear the password text box
[DEBUG] 2021-07-18 20:18:07.094 [main] Log - password is enteredDinnu@247
[DEBUG] 2021-07-18 20:18:07.346 [main] Log - click on login button
[DEBUG] 2021-07-18 20:18:12.656 [main] Log - send product namemobiles
[DEBUG] 2021-07-18 20:18:12.854 [main] Log - press enter
[DEBUG] 2021-07-18 20:18:13.066 [main] Log - click on product
[INFO ] 2021-07-18 20:18:15.551 [main] Log - parent window detailsCDwindow-E957177F61BE79995E7100515293C5A7
[INFO ] 2021-07-18 20:18:15.585 [main] Log - windows in browser[CDwindow-E957177F61BE79995E7100515293C5A7, CDwindow-3E6126B9A39E0A72CD9A76BCE7EFE168]
[DEBUG] 2021-07-18 20:18:15.585 [main] Log - switch to window id of CDwindow-3E6126B9A39E0A72CD9A76BCE7EFE168
[DEBUG] 2021-07-18 20:18:15.618 [main] Log - click on add to cart
[INFO ] 2021-07-18 20:18:20.333 [main] Log - switch to parent windowCDwindow-E957177F61BE79995E7100515293C5A7
[INFO ] 2021-07-18 20:18:20.404 [main] Log - returns current url
[DEBUG] 2021-07-18 20:18:20.501 [main] Log - move to element[[ChromeDriver: chrome on WINDOWS (5cf79e3866e42d7d2a1f5c4a5ee90fce)] -> xpath: //div[@class='_2Xfa2_']/div[3]/div/div/div/div]
[DEBUG] 2021-07-18 20:18:20.757 [main] Log - move to element[[ChromeDriver: chrome on WINDOWS (5cf79e3866e42d7d2a1f5c4a5ee90fce)] -> xpath: //div[contains(text(),'Logout')]]
[DEBUG] 2021-07-18 20:18:20.939 [main] Log - click on logout
[INFO ] 2021-07-18 20:18:21.065 [main] Log - returns current url of page
[ERROR] 2021-07-18 20:18:21.078 [main] Log - loginToApplication Test is failed
[INFO ] 2021-07-18 20:18:22.826 [main] Log - loginToApplication test is starting.
[DEBUG] 2021-07-18 20:18:22.899 [main] Log - clear the emailOrMobileNumber text box
[DEBUG] 2021-07-18 20:18:27.092 [main] Log - email or mobile number is entered dineshkumar.icon.dk@gmail.com
[DEBUG] 2021-07-18 20:18:27.893 [main] Log - clear the password text box
[DEBUG] 2021-07-18 20:18:28.002 [main] Log - password is enteredDinnu@259
[DEBUG] 2021-07-18 20:18:28.236 [main] Log - click on login button
[ERROR] 2021-07-18 20:18:38.726 [main] Log - loginToApplication Test is failed
[INFO ] 2021-07-18 20:18:39.023 [main] Log - loginToApplication test is starting.
[DEBUG] 2021-07-18 20:18:39.070 [main] Log - clear the emailOrMobileNumber text box
[ERROR] 2021-07-18 20:18:49.193 [main] Log - loginToApplication Test is failed
[INFO ] 2021-07-18 20:18:54.067 [main] Log - I am in onFinish method TestFlipkartApplication.java
[INFO ] 2021-07-18 20:19:03.471 [main] Log - send reports to email
